<?xml version="1.0" encoding="UTF-8"?>
<!-- Generated by org.testng.reporters.JUnitXMLReporter -->
<testsuite hostname="DESKTOP-FKI3VB5" ignored="0" name="Test" tests="3" failures="1" timestamp="2022-05-28T16:44:23 IST" time="14.535" errors="0">
  <testcase name="verify_sucessful_AddAccount" time="3.007" classname="baseTest.AddAccountTest"/>
  <testcase name="verify_sucessful_login" time="1.546" classname="baseTest.loginTestClass"/>
  <testcase name="verify_sucessful_updateBal" time="2.554" classname="baseTest.UpdateAccTest">
    <failure type="junit.framework.ComparisonFailure" message="expected:&amp;lt;Balance updated..[]&amp;gt; but was:&amp;lt;Balance updated..[ ]&amp;gt;">
      <![CDATA[junit.framework.ComparisonFailure: expected:<Balance updated..[]> but was:<Balance updated..[ ]>
at junit.framework.Assert.assertEquals(Assert.java:100)
at junit.framework.Assert.assertEquals(Assert.java:107)
at baseTest.UpdateAccTest.verify_sucessful_updateBal(UpdateAccTest.java:30)
at java.util.ArrayList.forEach(ArrayList.java:1259)
... Removed 27 stack frames]]>
    </failure>
  </testcase> <!-- verify_sucessful_updateBal -->
</testsuite> <!-- Test -->
